<?xml version="1.0" encoding="UTF-8"?>
<!-- Generated by org.testng.reporters.JUnitXMLReporter -->
<testsuite ignored="0" hostname="Jyothsna" failures="0" tests="7" name="Test" time="68.866" errors="0" timestamp="2025-03-25T17:13:28 IST">
  <testcase classname="TestCase.SignUpTest" name="SignUpPageMethod" time="4.24"/>
  <testcase classname="TestCase.LoginTest" name="Login" time="12.821"/>
  <testcase classname="TestCase.CartPageTest" name="Cart" time="9.48"/>
  <testcase classname="TestCase.MultipleitemstoCart" name="Cart" time="16.45"/>
  <testcase classname="TestCase.CheckOutPageTest" name="Tc1" time="7.36"/>
  <testcase classname="TestCase.CheckOutPageTest" name="checkout" time="1.883"/>
  <testcase classname="TestCase.LoginInvalid" name="LoginInvalid" time="5.731"/>
</testsuite> <!-- Test -->
