<?xml version="1.0" encoding="UTF-8"?>
<!-- Generated by org.testng.reporters.JUnitXMLReporter -->
<testsuite ignored="0" hostname="Jyothsna" failures="0" tests="7" name="Test" time="72.184" errors="0" timestamp="2025-03-26T10:38:51 IST">
  <testcase classname="TestCase.SignUpTest" name="SignUpPageMethod" time="7.652"/>
  <testcase classname="TestCase.LoginTest" name="Login" time="5.422"/>
  <testcase classname="TestCase.CartPageTest" name="Cart" time="9.596"/>
  <testcase classname="TestCase.MultipleitemstoCart" name="Cart" time="20.299"/>
  <testcase classname="TestCase.CheckOutPageTest" name="Tc1" time="6.782"/>
  <testcase classname="TestCase.CheckOutPageTest" name="checkout" time="2.467"/>
  <testcase classname="TestCase.LoginInvalid" name="LoginInvalid" time="5.64"/>
</testsuite> <!-- Test -->
