<?xml version="1.0" encoding="UTF-8"?>
<testng-results ignored="0" total="1" passed="1" failed="0" skipped="0">
  <reporter-output>
  </reporter-output>
  <suite started-at="2025-03-25T21:02:54 IST" name="Suite" finished-at="2025-03-25T21:03:08 IST" duration-ms="13620">
    <groups>
    </groups>
    <test started-at="2025-03-25T21:02:54 IST" name="Test" finished-at="2025-03-25T21:03:08 IST" duration-ms="13620">
      <class name="TestCase.CartPageTest">
        <test-method is-config="true" signature="readData()[pri:0, instance:TestCase.CartPageTest@6d1ef78d]" started-at="2025-03-25T21:02:54 IST" name="readData" finished-at="2025-03-25T21:02:54 IST" duration-ms="175" status="PASS">
          <reporter-output>
          </reporter-output>
        </test-method> <!-- readData -->
        <test-method is-config="true" signature="setup(java.lang.String)[pri:0, instance:TestCase.CartPageTest@6d1ef78d]" started-at="2025-03-25T21:02:54 IST" name="setup" finished-at="2025-03-25T21:02:56 IST" duration-ms="1532" status="PASS">
          <params>
            <param index="0">
              <value>
                <![CDATA[chrome]]>
              </value>
            </param>
          </params>
          <reporter-output>
          </reporter-output>
        </test-method> <!-- setup -->
        <test-method signature="Cart()[pri:0, instance:TestCase.CartPageTest@6d1ef78d]" started-at="2025-03-25T21:02:56 IST" name="Cart" finished-at="2025-03-25T21:03:07 IST" duration-ms="11298" status="PASS">
          <reporter-output>
          </reporter-output>
        </test-method> <!-- Cart -->
        <test-method is-config="true" signature="teardown()[pri:0, instance:TestCase.CartPageTest@6d1ef78d]" started-at="2025-03-25T21:03:07 IST" name="teardown" finished-at="2025-03-25T21:03:08 IST" duration-ms="372" status="PASS">
          <reporter-output>
          </reporter-output>
        </test-method> <!-- teardown -->
      </class> <!-- TestCase.CartPageTest -->
    </test> <!-- Test -->
  </suite> <!-- Suite -->
</testng-results>
