<?xml version="1.0" encoding="UTF-8"?>
<testng-results ignored="0" total="2" passed="2" failed="0" skipped="0">
  <reporter-output>
  </reporter-output>
  <suite started-at="2025-03-25T13:19:04 IST" name="Suite" finished-at="2025-03-25T13:19:18 IST" duration-ms="14398">
    <groups>
    </groups>
    <test started-at="2025-03-25T13:19:04 IST" name="Test" finished-at="2025-03-25T13:19:18 IST" duration-ms="14398">
      <class name="TestCase.CheckOutPageTest">
        <test-method is-config="true" signature="readData()[pri:0, instance:TestCase.CheckOutPageTest@6d1ef78d]" started-at="2025-03-25T13:19:04 IST" name="readData" finished-at="2025-03-25T13:19:04 IST" duration-ms="192" status="PASS">
          <reporter-output>
          </reporter-output>
        </test-method> <!-- readData -->
        <test-method is-config="true" signature="setup(java.lang.String)[pri:0, instance:TestCase.CheckOutPageTest@6d1ef78d]" started-at="2025-03-25T13:19:04 IST" name="setup" finished-at="2025-03-25T13:19:08 IST" duration-ms="3996" status="PASS">
          <params>
            <param index="0">
              <value>
                <![CDATA[firefox]]>
              </value>
            </param>
          </params>
          <reporter-output>
          </reporter-output>
        </test-method> <!-- setup -->
        <test-method signature="Tc1()[pri:0, instance:TestCase.CheckOutPageTest@6d1ef78d]" started-at="2025-03-25T13:19:08 IST" name="Tc1" finished-at="2025-03-25T13:19:15 IST" duration-ms="6983" status="PASS">
          <reporter-output>
          </reporter-output>
        </test-method> <!-- Tc1 -->
        <test-method signature="checkout()[pri:0, instance:TestCase.CheckOutPageTest@6d1ef78d]" started-at="2025-03-25T13:19:15 IST" name="checkout" finished-at="2025-03-25T13:19:17 IST" duration-ms="1760" status="PASS">
          <reporter-output>
          </reporter-output>
        </test-method> <!-- checkout -->
        <test-method is-config="true" signature="teardown()[pri:0, instance:TestCase.CheckOutPageTest@6d1ef78d]" started-at="2025-03-25T13:19:17 IST" name="teardown" finished-at="2025-03-25T13:19:18 IST" duration-ms="1252" status="PASS">
          <reporter-output>
          </reporter-output>
        </test-method> <!-- teardown -->
      </class> <!-- TestCase.CheckOutPageTest -->
    </test> <!-- Test -->
  </suite> <!-- Suite -->
</testng-results>
